[2020-09-23T15:33:58+08:00][sql] CONNECT:[ UseTime:0.002000s ] mysql:host=127.0.0.1;port=3306;dbname=okadmin;charset=utf8
[2020-09-23T15:33:58+08:00][sql] CREATE TABLE IF NOT EXISTS `super_text_addondownload` (
  `id` int(10) NOT NULL,
  `content` longtext NOT NULL,
  `os` set('windows','linux','mac','ubuntu') DEFAULT '' COMMENT '操作系统',
  `version` varchar(255) DEFAULT '' COMMENT '最新版本',
  `filesize` varchar(255) DEFAULT '' COMMENT '文件大小',
  `language` set('zh-cn','en') DEFAULT '' COMMENT '语言',
  `downloadurl` varchar(1500) DEFAULT '' COMMENT '下载地址',
  `screenshots` varchar(1500) DEFAULT '' COMMENT '预览截图',
  `price` decimal(10,2) DEFAULT '0.00' COMMENT '价格',
  `downloads` varchar(10) DEFAULT '0' COMMENT '下载次数',
  PRIMARY KEY (`id`)
) ENGINE=InnoDB DEFAULT CHARSET=utf8 COMMENT='下载'; [ RunTime:0.002000s ]
[2020-09-23T15:41:23+08:00][sql] CONNECT:[ UseTime:0.001000s ] mysql:host=127.0.0.1;port=3306;dbname=okadmin;charset=utf8
[2020-09-23T15:41:23+08:00][sql] CREATE TABLE IF NOT EXISTS `super_text_addondownload` (
  `id` int(10) NOT NULL,
  `content` longtext NOT NULL,
  `os` set('windows','linux','mac','ubuntu') DEFAULT '' COMMENT '操作系统',
  `version` varchar(255) DEFAULT '' COMMENT '最新版本',
  `filesize` varchar(255) DEFAULT '' COMMENT '文件大小',
  `language` set('zh-cn','en') DEFAULT '' COMMENT '语言',
  `downloadurl` varchar(1500) DEFAULT '' COMMENT '下载地址',
  `screenshots` varchar(1500) DEFAULT '' COMMENT '预览截图',
  `price` decimal(10,2) DEFAULT '0.00' COMMENT '价格',
  `downloads` varchar(10) DEFAULT '0' COMMENT '下载次数',
  PRIMARY KEY (`id`)
) ENGINE=InnoDB DEFAULT CHARSET=utf8 COMMENT='下载'; [ RunTime:0.240014s ]
[2020-09-23T15:50:58+08:00][sql] CONNECT:[ UseTime:0.001000s ] mysql:host=127.0.0.1;port=3306;dbname=okadmin;charset=utf8
[2020-09-23T15:50:58+08:00][sql] CREATE TABLE IF NOT EXISTS `super_text_addondownload` (
  `id` int(10) NOT NULL,
  `content` longtext NOT NULL,
  `os` set('windows','linux','mac','ubuntu') DEFAULT '' COMMENT '操作系统',
  `version` varchar(255) DEFAULT '' COMMENT '最新版本',
  `filesize` varchar(255) DEFAULT '' COMMENT '文件大小',
  `language` set('zh-cn','en') DEFAULT '' COMMENT '语言',
  `downloadurl` varchar(1500) DEFAULT '' COMMENT '下载地址',
  `screenshots` varchar(1500) DEFAULT '' COMMENT '预览截图',
  `price` decimal(10,2) DEFAULT '0.00' COMMENT '价格',
  `downloads` varchar(10) DEFAULT '0' COMMENT '下载次数',
  PRIMARY KEY (`id`)
) ENGINE=InnoDB DEFAULT CHARSET=utf8 COMMENT='下载'; [ RunTime:0.002000s ]
[2020-09-23T15:58:33+08:00][sql] CONNECT:[ UseTime:0.010001s ] mysql:host=127.0.0.1;port=3306;dbname=okadmin;charset=utf8
[2020-09-23T15:58:33+08:00][sql] CREATE TABLE IF NOT EXISTS `super_text_addondownload` (
  `id` int(10) NOT NULL,
  `content` longtext NOT NULL,
  `os` set('windows','linux','mac','ubuntu') DEFAULT '' COMMENT '操作系统',
  `version` varchar(255) DEFAULT '' COMMENT '最新版本',
  `filesize` varchar(255) DEFAULT '' COMMENT '文件大小',
  `language` set('zh-cn','en') DEFAULT '' COMMENT '语言',
  `downloadurl` varchar(1500) DEFAULT '' COMMENT '下载地址',
  `screenshots` varchar(1500) DEFAULT '' COMMENT '预览截图',
  `price` decimal(10,2) DEFAULT '0.00' COMMENT '价格',
  `downloads` varchar(10) DEFAULT '0' COMMENT '下载次数',
  PRIMARY KEY (`id`)
) ENGINE=InnoDB DEFAULT CHARSET=utf8 COMMENT='下载'; [ RunTime:0.002000s ]
[2020-09-23T16:06:03+08:00][error] [0]方法参数错误:name
[2020-09-23T16:06:19+08:00][error] [0]方法参数错误:name
[2020-09-23T16:06:29+08:00][error] [0]方法参数错误:name
[2020-09-23T16:10:21+08:00][error] [0]方法参数错误:name
[2020-09-23T16:10:44+08:00][error] [0]Class 'app\admin\controller\FormBuilder' not found
[2020-09-23T16:14:48+08:00][error] [0]Class 'app\admin\controller\FormBuilder' not found
[2020-09-23T16:14:54+08:00][error] [0]Class 'app\admin\controller\FormBuilder' not found
[2020-09-23T16:16:11+08:00][error] [0]模板文件不存在:E:\phpstudy\WWW\okadmin\app\admin\view\form_builder\layout.html
[2020-09-23T16:18:44+08:00][sql] CONNECT:[ UseTime:0.002000s ] mysql:host=127.0.0.1;port=3306;dbname=okadmin;charset=utf8
[2020-09-23T16:18:44+08:00][sql] SHOW FULL COLUMNS FROM `super_admin` [ RunTime:0.002001s ]
[2020-09-23T16:18:44+08:00][sql] SELECT * FROM `super_admin` WHERE  `id` = 1 LIMIT 1 [ RunTime:0.001000s ]
[2020-09-23T16:18:45+08:00][sql] CONNECT:[ UseTime:0.003000s ] mysql:host=127.0.0.1;port=3306;dbname=okadmin;charset=utf8
[2020-09-23T16:18:45+08:00][sql] SHOW FULL COLUMNS FROM `super_admin` [ RunTime:0.012001s ]
[2020-09-23T16:18:45+08:00][sql] SELECT COUNT(*) AS think_count FROM `super_admin` [ RunTime:0.001000s ]
[2020-09-23T16:18:45+08:00][sql] SELECT * FROM `super_admin` LIMIT 0,12 [ RunTime:0.002000s ]
[2020-09-23T16:18:47+08:00][sql] CONNECT:[ UseTime:0.007000s ] mysql:host=127.0.0.1;port=3306;dbname=okadmin;charset=utf8
[2020-09-23T16:18:47+08:00][sql] SHOW FULL COLUMNS FROM `super_admin` [ RunTime:0.004000s ]
[2020-09-23T16:18:47+08:00][sql] SELECT COUNT(*) AS think_count FROM `super_admin` [ RunTime:0.001000s ]
[2020-09-23T16:18:47+08:00][sql] SELECT * FROM `super_admin` LIMIT 0,12 [ RunTime:0.001000s ]
[2020-09-23T16:27:16+08:00][error] [8]未定义数组索引: size
[2020-09-23T16:30:15+08:00][error] [8]未定义数组索引: size
[2020-09-23T16:38:57+08:00][error] [8]未定义数组索引: step
[2020-09-23T16:39:17+08:00][error] [8]未定义数组索引: step
[2020-09-23T16:47:29+08:00][error] [0]模板文件不存在:E:\phpstudy\WWW\okadmin\app\admin\view\form_builder\items\group.html
[2020-09-23T16:48:35+08:00][error] [0]模板文件不存在:E:\phpstudy\WWW\okadmin\app\admin\view\form_builder\items\group.html
[2020-09-23T16:49:45+08:00][error] [0]模板文件不存在:E:\phpstudy\WWW\okadmin\app\admin\view\form_builder\items\group.html
[2020-09-23T16:49:48+08:00][error] [0]模板文件不存在:E:\phpstudy\WWW\okadmin\app\admin\view\form_builder\items\group.html
[2020-09-23T16:50:03+08:00][error] [0]模板文件不存在:E:\phpstudy\WWW\okadmin\app\admin\view\form_builder\items\group.html
[2020-09-23T16:51:38+08:00][error] [0]模板文件不存在:E:\phpstudy\WWW\okadmin\app\admin\view\form_builder\items\date.html
[2020-09-23T17:13:54+08:00][sql] CONNECT:[ UseTime:0.279016s ] mysql:host=127.0.0.1;port=3306;dbname=okadmin;charset=utf8
[2020-09-23T17:13:54+08:00][sql] SHOW FULL COLUMNS FROM `super_admin` [ RunTime:1.337077s ]
[2020-09-23T17:13:54+08:00][sql] SELECT * FROM `super_admin` WHERE  `id` = 1 LIMIT 1 [ RunTime:0.718041s ]
[2020-09-23T17:14:14+08:00][sql] CONNECT:[ UseTime:0.003000s ] mysql:host=127.0.0.1;port=3306;dbname=okadmin;charset=utf8
[2020-09-23T17:14:14+08:00][sql] SHOW FULL COLUMNS FROM `super_admin` [ RunTime:0.002000s ]
[2020-09-23T17:14:14+08:00][sql] SELECT * FROM `super_admin` WHERE  `id` = 1 LIMIT 1 [ RunTime:0.001000s ]
[2020-09-23T17:15:37+08:00][sql] CONNECT:[ UseTime:0.001000s ] mysql:host=127.0.0.1;port=3306;dbname=okadmin;charset=utf8
[2020-09-23T17:15:37+08:00][sql] SHOW FULL COLUMNS FROM `super_admin` [ RunTime:0.002001s ]
[2020-09-23T17:15:37+08:00][sql] SELECT * FROM `super_admin` WHERE  `id` = 1 LIMIT 1 [ RunTime:0.000000s ]
[2020-09-23T17:20:02+08:00][sql] CONNECT:[ UseTime:0.011001s ] mysql:host=127.0.0.1;port=3306;dbname=okadmin;charset=utf8
[2020-09-23T17:20:02+08:00][sql] SHOW FULL COLUMNS FROM `super_admin` [ RunTime:0.002000s ]
[2020-09-23T17:20:02+08:00][sql] SELECT * FROM `super_admin` WHERE  `id` = 1 LIMIT 1 [ RunTime:0.001000s ]
[2020-09-23T17:20:26+08:00][sql] CONNECT:[ UseTime:0.001000s ] mysql:host=127.0.0.1;port=3306;dbname=okadmin;charset=utf8
[2020-09-23T17:20:26+08:00][sql] SHOW FULL COLUMNS FROM `super_admin` [ RunTime:0.003000s ]
[2020-09-23T17:20:26+08:00][sql] SELECT COUNT(*) AS think_count FROM `super_admin` [ RunTime:0.100006s ]
[2020-09-23T17:20:26+08:00][sql] SELECT * FROM `super_admin` LIMIT 0,12 [ RunTime:0.000000s ]
[2020-09-23T17:21:05+08:00][error] [8]未定义数组索引: id
[2020-09-23T18:58:15+08:00][sql] CONNECT:[ UseTime:0.002000s ] mysql:host=127.0.0.1;port=3306;dbname=okadmin;charset=utf8
[2020-09-23T18:58:15+08:00][sql] SHOW FULL COLUMNS FROM `super_admin` [ RunTime:0.002001s ]
[2020-09-23T18:58:15+08:00][sql] SELECT * FROM `super_admin` WHERE  `username` = 'admin' LIMIT 1 [ RunTime:0.001000s ]
[2020-09-23T18:58:16+08:00][sql] CONNECT:[ UseTime:0.001000s ] mysql:host=127.0.0.1;port=3306;dbname=okadmin;charset=utf8
[2020-09-23T18:58:16+08:00][sql] SHOW FULL COLUMNS FROM `super_admin` [ RunTime:0.002001s ]
[2020-09-23T18:58:16+08:00][sql] SELECT * FROM `super_admin` WHERE  `id` = 1 LIMIT 1 [ RunTime:0.001000s ]
[2020-09-23T18:58:19+08:00][sql] CONNECT:[ UseTime:0.002000s ] mysql:host=127.0.0.1;port=3306;dbname=okadmin;charset=utf8
[2020-09-23T18:58:19+08:00][sql] SHOW FULL COLUMNS FROM `super_admin` [ RunTime:0.003000s ]
[2020-09-23T18:58:19+08:00][sql] SELECT COUNT(*) AS think_count FROM `super_admin` [ RunTime:0.001000s ]
[2020-09-23T18:58:19+08:00][sql] SELECT * FROM `super_admin` LIMIT 0,12 [ RunTime:0.001000s ]
[2020-09-23T18:58:34+08:00][error] [10500]method not exist:think\db\Query->afterWrite
[2020-09-23T19:01:25+08:00][sql] CONNECT:[ UseTime:0.010001s ] mysql:host=127.0.0.1;port=3306;dbname=okadmin;charset=utf8
[2020-09-23T19:01:25+08:00][sql] SHOW FULL COLUMNS FROM `super_auth_rule` [ RunTime:0.001000s ]
[2020-09-23T19:01:25+08:00][sql] INSERT INTO `super_auth_rule` SET `name` = 'test' , `title` = '测试菜单' , `icon` = '&#xe66f;' , `ismenu` = 1 , `pid` = 0 , `status` = 'normal' , `createtime` = 1600858885 , `updatetime` = 1600858885 [ RunTime:0.020001s ]
[2020-09-23T19:01:25+08:00][error] [0]Non-static method think\Cache::delete() should not be called statically
[2020-09-23T19:02:08+08:00][sql] CONNECT:[ UseTime:0.001000s ] mysql:host=127.0.0.1;port=3306;dbname=okadmin;charset=utf8
[2020-09-23T19:02:08+08:00][sql] SHOW FULL COLUMNS FROM `super_auth_rule` [ RunTime:0.001000s ]
[2020-09-23T19:02:08+08:00][error] [10501]SQLSTATE[23000]: Integrity constraint violation: 1062 Duplicate entry 'test' for key 'name'
[2020-09-23T19:07:43+08:00][sql] CONNECT:[ UseTime:0.002001s ] mysql:host=127.0.0.1;port=3306;dbname=okadmin;charset=utf8
[2020-09-23T19:07:43+08:00][sql] SHOW FULL COLUMNS FROM `super_auth_rule` [ RunTime:0.002000s ]
[2020-09-23T19:07:43+08:00][sql] INSERT INTO `super_auth_rule` SET `name` = 'test' , `title` = '测试菜单' , `icon` = '&#xe66f;' , `ismenu` = 1 , `pid` = 0 , `status` = 'normal' , `createtime` = 1600859263 , `updatetime` = 1600859263 [ RunTime:0.000000s ]
[2020-09-23T19:07:43+08:00][sql] INSERT INTO `super_auth_rule` SET `name` = 'addons/test/index/index' , `title` = '查看' , `ismenu` = 0 , `icon` = 'fa fa-circle-o' , `pid` = 480 , `status` = 'normal' , `createtime` = 1600859263 , `updatetime` = 1600859263 [ RunTime:0.001000s ]
[2020-09-23T19:07:43+08:00][sql] INSERT INTO `super_auth_rule` SET `name` = 'addons/test/index/add' , `title` = '添加' , `ismenu` = 0 , `icon` = 'fa fa-circle-o' , `pid` = 480 , `status` = 'normal' , `createtime` = 1600859263 , `updatetime` = 1600859263 [ RunTime:0.001000s ]
[2020-09-23T19:07:43+08:00][sql] INSERT INTO `super_auth_rule` SET `name` = 'addons/test/index/detail' , `title` = '详情' , `ismenu` = 0 , `icon` = 'fa fa-circle-o' , `pid` = 480 , `status` = 'normal' , `createtime` = 1600859263 , `updatetime` = 1600859263 [ RunTime:0.001001s ]
[2020-09-23T19:10:00+08:00][sql] CONNECT:[ UseTime:0.010001s ] mysql:host=127.0.0.1;port=3306;dbname=okadmin;charset=utf8
[2020-09-23T19:10:00+08:00][sql] SHOW FULL COLUMNS FROM `super_auth_rule` [ RunTime:0.002000s ]
[2020-09-23T19:10:00+08:00][sql] INSERT INTO `super_auth_rule` SET `name` = 'test' , `title` = '测试菜单' , `icon` = '&#xe66f;' , `ismenu` = 1 , `pid` = 0 , `status` = 'normal' , `createtime` = 1600859399 , `updatetime` = 1600859399 [ RunTime:0.001000s ]
[2020-09-23T19:10:00+08:00][sql] INSERT INTO `super_auth_rule` SET `name` = 'addons/test/index/index' , `title` = '查看' , `ismenu` = 0 , `icon` = '&#xe62e;' , `pid` = 484 , `status` = 'normal' , `createtime` = 1600859400 , `updatetime` = 1600859400 [ RunTime:0.000000s ]
[2020-09-23T19:10:00+08:00][sql] INSERT INTO `super_auth_rule` SET `name` = 'addons/test/index/add' , `title` = '添加' , `ismenu` = 0 , `icon` = '&#xe62e;' , `pid` = 484 , `status` = 'normal' , `createtime` = 1600859400 , `updatetime` = 1600859400 [ RunTime:0.001000s ]
[2020-09-23T19:10:00+08:00][sql] INSERT INTO `super_auth_rule` SET `name` = 'addons/test/index/detail' , `title` = '详情' , `ismenu` = 0 , `icon` = '&#xe62e;' , `pid` = 484 , `status` = 'normal' , `createtime` = 1600859400 , `updatetime` = 1600859400 [ RunTime:0.001000s ]
[2020-09-23T19:10:00+08:00][sql] CREATE TABLE IF NOT EXISTS `super_text_addondownload` (
  `id` int(10) NOT NULL,
  `content` longtext NOT NULL,
  `os` set('windows','linux','mac','ubuntu') DEFAULT '' COMMENT '操作系统',
  `version` varchar(255) DEFAULT '' COMMENT '最新版本',
  `filesize` varchar(255) DEFAULT '' COMMENT '文件大小',
  `language` set('zh-cn','en') DEFAULT '' COMMENT '语言',
  `downloadurl` varchar(1500) DEFAULT '' COMMENT '下载地址',
  `screenshots` varchar(1500) DEFAULT '' COMMENT '预览截图',
  `price` decimal(10,2) DEFAULT '0.00' COMMENT '价格',
  `downloads` varchar(10) DEFAULT '0' COMMENT '下载次数',
  PRIMARY KEY (`id`)
) ENGINE=InnoDB DEFAULT CHARSET=utf8 COMMENT='下载'; [ RunTime:0.002000s ]
[2020-09-23T19:10:47+08:00][sql] CONNECT:[ UseTime:0.001000s ] mysql:host=127.0.0.1;port=3306;dbname=okadmin;charset=utf8
[2020-09-23T19:10:47+08:00][sql] SHOW FULL COLUMNS FROM `super_auth_rule` [ RunTime:0.002000s ]
[2020-09-23T19:10:47+08:00][error] [10501]SQLSTATE[23000]: Integrity constraint violation: 1062 Duplicate entry 'test' for key 'name'
[2020-09-23T19:12:42+08:00][sql] CONNECT:[ UseTime:0.001000s ] mysql:host=127.0.0.1;port=3306;dbname=okadmin;charset=utf8
[2020-09-23T19:12:42+08:00][sql] SHOW FULL COLUMNS FROM `super_auth_rule` [ RunTime:0.002000s ]
[2020-09-23T19:12:42+08:00][error] [10501]SQLSTATE[23000]: Integrity constraint violation: 1062 Duplicate entry 'test' for key 'name'
[2020-09-23T19:12:47+08:00][sql] CONNECT:[ UseTime:0.001000s ] mysql:host=127.0.0.1;port=3306;dbname=okadmin;charset=utf8
[2020-09-23T19:12:47+08:00][sql] SHOW FULL COLUMNS FROM `super_auth_rule` [ RunTime:0.001000s ]
[2020-09-23T19:12:47+08:00][error] [10501]SQLSTATE[23000]: Integrity constraint violation: 1062 Duplicate entry 'test' for key 'name'
[2020-09-23T19:13:17+08:00][sql] CONNECT:[ UseTime:0.001000s ] mysql:host=127.0.0.1;port=3306;dbname=okadmin;charset=utf8
[2020-09-23T19:13:17+08:00][sql] SHOW FULL COLUMNS FROM `super_auth_rule` [ RunTime:0.002000s ]
[2020-09-23T19:13:17+08:00][error] [10501]SQLSTATE[23000]: Integrity constraint violation: 1062 Duplicate entry 'test' for key 'name'
[2020-09-23T19:16:04+08:00][sql] CONNECT:[ UseTime:0.001000s ] mysql:host=127.0.0.1;port=3306;dbname=okadmin;charset=utf8
[2020-09-23T19:16:04+08:00][sql] SHOW FULL COLUMNS FROM `super_auth_rule` [ RunTime:0.001000s ]
[2020-09-23T19:16:04+08:00][error] [10501]SQLSTATE[23000]: Integrity constraint violation: 1062 Duplicate entry 'test' for key 'name'
[2020-09-23T19:16:11+08:00][sql] CONNECT:[ UseTime:0.002000s ] mysql:host=127.0.0.1;port=3306;dbname=okadmin;charset=utf8
[2020-09-23T19:16:11+08:00][sql] SHOW FULL COLUMNS FROM `super_auth_rule` [ RunTime:0.001000s ]
[2020-09-23T19:16:11+08:00][error] [10501]SQLSTATE[23000]: Integrity constraint violation: 1062 Duplicate entry 'test' for key 'name'
[2020-09-23T19:17:01+08:00][sql] CONNECT:[ UseTime:0.010001s ] mysql:host=127.0.0.1;port=3306;dbname=okadmin;charset=utf8
[2020-09-23T19:17:01+08:00][sql] SHOW FULL COLUMNS FROM `super_auth_rule` [ RunTime:0.002000s ]
[2020-09-23T19:17:01+08:00][sql] INSERT INTO `super_auth_rule` SET `name` = 'test' , `title` = '测试菜单' , `icon` = '&#xe66f;' , `ismenu` = 1 , `pid` = 0 , `status` = 'normal' , `createtime` = 1600859820 , `updatetime` = 1600859820 [ RunTime:0.000000s ]
[2020-09-23T19:17:01+08:00][sql] INSERT INTO `super_auth_rule` SET `name` = 'addons/test/index/index' , `title` = '查看' , `ismenu` = 0 , `icon` = '&#xe62e;' , `pid` = 494 , `status` = 'normal' , `createtime` = 1600859821 , `updatetime` = 1600859821 [ RunTime:0.001000s ]
[2020-09-23T19:17:01+08:00][sql] INSERT INTO `super_auth_rule` SET `name` = 'addons/test/index/add' , `title` = '添加' , `ismenu` = 0 , `icon` = '&#xe62e;' , `pid` = 494 , `status` = 'normal' , `createtime` = 1600859821 , `updatetime` = 1600859821 [ RunTime:0.001000s ]
[2020-09-23T19:17:01+08:00][sql] INSERT INTO `super_auth_rule` SET `name` = 'addons/test/index/detail' , `title` = '详情' , `ismenu` = 0 , `icon` = '&#xe62e;' , `pid` = 494 , `status` = 'normal' , `createtime` = 1600859821 , `updatetime` = 1600859821 [ RunTime:0.001000s ]
[2020-09-23T19:17:01+08:00][sql] CREATE TABLE IF NOT EXISTS `super_text_addondownload` (
  `id` int(10) NOT NULL,
  `content` longtext NOT NULL,
  `os` set('windows','linux','mac','ubuntu') DEFAULT '' COMMENT '操作系统',
  `version` varchar(255) DEFAULT '' COMMENT '最新版本',
  `filesize` varchar(255) DEFAULT '' COMMENT '文件大小',
  `language` set('zh-cn','en') DEFAULT '' COMMENT '语言',
  `downloadurl` varchar(1500) DEFAULT '' COMMENT '下载地址',
  `screenshots` varchar(1500) DEFAULT '' COMMENT '预览截图',
  `price` decimal(10,2) DEFAULT '0.00' COMMENT '价格',
  `downloads` varchar(10) DEFAULT '0' COMMENT '下载次数',
  PRIMARY KEY (`id`)
) ENGINE=InnoDB DEFAULT CHARSET=utf8 COMMENT='下载'; [ RunTime:0.001000s ]
[2020-09-23T19:17:15+08:00][sql] CONNECT:[ UseTime:0.002000s ] mysql:host=127.0.0.1;port=3306;dbname=okadmin;charset=utf8
[2020-09-23T19:17:15+08:00][sql] SHOW FULL COLUMNS FROM `super_auth_rule` [ RunTime:0.001000s ]
[2020-09-23T19:17:15+08:00][sql] SELECT * FROM `super_auth_rule` WHERE  `name` = 'test' LIMIT 1 [ RunTime:0.001000s ]
[2020-09-23T19:17:15+08:00][error] [0]Call to undefined function app\common\library\collection()
[2020-09-23T19:18:13+08:00][sql] CONNECT:[ UseTime:0.001000s ] mysql:host=127.0.0.1;port=3306;dbname=okadmin;charset=utf8
[2020-09-23T19:18:13+08:00][sql] SHOW FULL COLUMNS FROM `super_auth_rule` [ RunTime:0.002000s ]
[2020-09-23T19:18:13+08:00][sql] SELECT * FROM `super_auth_rule` WHERE  `name` = 'test' LIMIT 1 [ RunTime:0.001000s ]
[2020-09-23T19:18:13+08:00][sql] SELECT `id`,`pid`,`name` FROM `super_auth_rule` ORDER BY `weigh` DESC [ RunTime:0.025001s ]
[2020-09-23T19:18:13+08:00][error] [8192]Non-static method think\Config::get() should not be called statically
[2020-09-23T19:20:46+08:00][sql] CONNECT:[ UseTime:0.011001s ] mysql:host=127.0.0.1;port=3306;dbname=okadmin;charset=utf8
[2020-09-23T19:20:46+08:00][sql] SHOW FULL COLUMNS FROM `super_auth_rule` [ RunTime:0.001000s ]
[2020-09-23T19:20:46+08:00][sql] SELECT * FROM `super_auth_rule` WHERE  `name` = 'test' LIMIT 1 [ RunTime:0.001000s ]
[2020-09-23T19:20:46+08:00][sql] SELECT `id`,`pid`,`name` FROM `super_auth_rule` ORDER BY `weigh` DESC [ RunTime:0.001000s ]
[2020-09-23T19:20:46+08:00][error] [8192]Non-static method think\Config::get() should not be called statically
[2020-09-23T19:21:39+08:00][sql] CONNECT:[ UseTime:0.002000s ] mysql:host=127.0.0.1;port=3306;dbname=okadmin;charset=utf8
[2020-09-23T19:21:39+08:00][sql] SHOW FULL COLUMNS FROM `super_auth_rule` [ RunTime:0.002000s ]
[2020-09-23T19:21:39+08:00][sql] SELECT * FROM `super_auth_rule` WHERE  `name` = 'test' LIMIT 1 [ RunTime:0.001000s ]
[2020-09-23T19:21:39+08:00][sql] SELECT `id`,`pid`,`name` FROM `super_auth_rule` ORDER BY `weigh` DESC [ RunTime:0.000000s ]
[2020-09-23T19:21:39+08:00][error] [0]Class 'think\Config\Config' not found
[2020-09-23T19:22:02+08:00][sql] CONNECT:[ UseTime:0.011000s ] mysql:host=127.0.0.1;port=3306;dbname=okadmin;charset=utf8
[2020-09-23T19:22:02+08:00][sql] SHOW FULL COLUMNS FROM `super_auth_rule` [ RunTime:0.001000s ]
[2020-09-23T19:22:02+08:00][sql] SELECT * FROM `super_auth_rule` WHERE  `name` = 'test' LIMIT 1 [ RunTime:0.001000s ]
[2020-09-23T19:22:02+08:00][sql] SELECT `id`,`pid`,`name` FROM `super_auth_rule` ORDER BY `weigh` DESC [ RunTime:0.001000s ]
[2020-09-23T19:22:02+08:00][sql] SELECT * FROM `super_auth_rule` WHERE  `id` IN (494,495,496,497) [ RunTime:0.029001s ]
[2020-09-23T19:22:02+08:00][sql] DELETE FROM `super_auth_rule` WHERE  `id` = 494 [ RunTime:0.001000s ]
[2020-09-23T19:22:02+08:00][sql] DELETE FROM `super_auth_rule` WHERE  `id` = 495 [ RunTime:0.000000s ]
[2020-09-23T19:22:02+08:00][sql] DELETE FROM `super_auth_rule` WHERE  `id` = 496 [ RunTime:0.001000s ]
[2020-09-23T19:22:02+08:00][sql] DELETE FROM `super_auth_rule` WHERE  `id` = 497 [ RunTime:0.001000s ]
[2020-09-23T19:22:16+08:00][sql] CONNECT:[ UseTime:0.001001s ] mysql:host=127.0.0.1;port=3306;dbname=okadmin;charset=utf8
[2020-09-23T19:22:16+08:00][sql] SHOW FULL COLUMNS FROM `super_auth_rule` [ RunTime:0.001000s ]
[2020-09-23T19:22:16+08:00][sql] INSERT INTO `super_auth_rule` SET `name` = 'test' , `title` = '测试菜单' , `icon` = '&#xe66f;' , `ismenu` = 1 , `pid` = 0 , `status` = 'normal' , `createtime` = 1600860136 , `updatetime` = 1600860136 [ RunTime:0.000000s ]
[2020-09-23T19:22:16+08:00][sql] INSERT INTO `super_auth_rule` SET `name` = 'addons/test/index/index' , `title` = '查看' , `ismenu` = 0 , `icon` = '&#xe62e;' , `pid` = 498 , `status` = 'normal' , `createtime` = 1600860136 , `updatetime` = 1600860136 [ RunTime:0.001000s ]
[2020-09-23T19:22:16+08:00][sql] INSERT INTO `super_auth_rule` SET `name` = 'addons/test/index/add' , `title` = '添加' , `ismenu` = 0 , `icon` = '&#xe62e;' , `pid` = 498 , `status` = 'normal' , `createtime` = 1600860136 , `updatetime` = 1600860136 [ RunTime:0.001000s ]
[2020-09-23T19:22:16+08:00][sql] INSERT INTO `super_auth_rule` SET `name` = 'addons/test/index/detail' , `title` = '详情' , `ismenu` = 0 , `icon` = '&#xe62e;' , `pid` = 498 , `status` = 'normal' , `createtime` = 1600860136 , `updatetime` = 1600860136 [ RunTime:0.001000s ]
[2020-09-23T19:22:16+08:00][sql] CREATE TABLE IF NOT EXISTS `super_text_addondownload` (
  `id` int(10) NOT NULL,
  `content` longtext NOT NULL,
  `os` set('windows','linux','mac','ubuntu') DEFAULT '' COMMENT '操作系统',
  `version` varchar(255) DEFAULT '' COMMENT '最新版本',
  `filesize` varchar(255) DEFAULT '' COMMENT '文件大小',
  `language` set('zh-cn','en') DEFAULT '' COMMENT '语言',
  `downloadurl` varchar(1500) DEFAULT '' COMMENT '下载地址',
  `screenshots` varchar(1500) DEFAULT '' COMMENT '预览截图',
  `price` decimal(10,2) DEFAULT '0.00' COMMENT '价格',
  `downloads` varchar(10) DEFAULT '0' COMMENT '下载次数',
  PRIMARY KEY (`id`)
) ENGINE=InnoDB DEFAULT CHARSET=utf8 COMMENT='下载'; [ RunTime:0.001000s ]
[2020-09-23T19:22:25+08:00][sql] CONNECT:[ UseTime:0.001000s ] mysql:host=127.0.0.1;port=3306;dbname=okadmin;charset=utf8
[2020-09-23T19:22:25+08:00][sql] SHOW FULL COLUMNS FROM `super_auth_rule` [ RunTime:0.001000s ]
[2020-09-23T19:22:25+08:00][sql] SELECT * FROM `super_auth_rule` WHERE  `name` = 'test' LIMIT 1 [ RunTime:0.001000s ]
[2020-09-23T19:22:25+08:00][sql] SELECT `id`,`pid`,`name` FROM `super_auth_rule` ORDER BY `weigh` DESC [ RunTime:0.001000s ]
[2020-09-23T19:22:25+08:00][sql] SELECT * FROM `super_auth_rule` WHERE  `id` IN (498,499,500,501) [ RunTime:0.001000s ]
[2020-09-23T19:22:25+08:00][sql] DELETE FROM `super_auth_rule` WHERE  `id` = 498 [ RunTime:0.000000s ]
[2020-09-23T19:22:25+08:00][sql] DELETE FROM `super_auth_rule` WHERE  `id` = 499 [ RunTime:0.000000s ]
[2020-09-23T19:22:25+08:00][sql] DELETE FROM `super_auth_rule` WHERE  `id` = 500 [ RunTime:0.001000s ]
[2020-09-23T19:22:25+08:00][sql] DELETE FROM `super_auth_rule` WHERE  `id` = 501 [ RunTime:0.000000s ]
[2020-09-23T19:22:32+08:00][sql] CONNECT:[ UseTime:0.011000s ] mysql:host=127.0.0.1;port=3306;dbname=okadmin;charset=utf8
[2020-09-23T19:22:32+08:00][sql] SHOW FULL COLUMNS FROM `super_auth_rule` [ RunTime:0.002001s ]
[2020-09-23T19:22:32+08:00][sql] INSERT INTO `super_auth_rule` SET `name` = 'test' , `title` = '测试菜单' , `icon` = '&#xe66f;' , `ismenu` = 1 , `pid` = 0 , `status` = 'normal' , `createtime` = 1600860152 , `updatetime` = 1600860152 [ RunTime:0.001000s ]
[2020-09-23T19:22:32+08:00][sql] INSERT INTO `super_auth_rule` SET `name` = 'addons/test/index/index' , `title` = '查看' , `ismenu` = 0 , `icon` = '&#xe62e;' , `pid` = 502 , `status` = 'normal' , `createtime` = 1600860152 , `updatetime` = 1600860152 [ RunTime:0.001000s ]
[2020-09-23T19:22:32+08:00][sql] INSERT INTO `super_auth_rule` SET `name` = 'addons/test/index/add' , `title` = '添加' , `ismenu` = 0 , `icon` = '&#xe62e;' , `pid` = 502 , `status` = 'normal' , `createtime` = 1600860152 , `updatetime` = 1600860152 [ RunTime:0.000000s ]
[2020-09-23T19:22:32+08:00][sql] INSERT INTO `super_auth_rule` SET `name` = 'addons/test/index/detail' , `title` = '详情' , `ismenu` = 0 , `icon` = '&#xe62e;' , `pid` = 502 , `status` = 'normal' , `createtime` = 1600860152 , `updatetime` = 1600860152 [ RunTime:0.001000s ]
[2020-09-23T19:22:32+08:00][sql] CREATE TABLE IF NOT EXISTS `super_text_addondownload` (
  `id` int(10) NOT NULL,
  `content` longtext NOT NULL,
  `os` set('windows','linux','mac','ubuntu') DEFAULT '' COMMENT '操作系统',
  `version` varchar(255) DEFAULT '' COMMENT '最新版本',
  `filesize` varchar(255) DEFAULT '' COMMENT '文件大小',
  `language` set('zh-cn','en') DEFAULT '' COMMENT '语言',
  `downloadurl` varchar(1500) DEFAULT '' COMMENT '下载地址',
  `screenshots` varchar(1500) DEFAULT '' COMMENT '预览截图',
  `price` decimal(10,2) DEFAULT '0.00' COMMENT '价格',
  `downloads` varchar(10) DEFAULT '0' COMMENT '下载次数',
  PRIMARY KEY (`id`)
) ENGINE=InnoDB DEFAULT CHARSET=utf8 COMMENT='下载'; [ RunTime:0.001000s ]
[2020-09-23T19:22:50+08:00][sql] CONNECT:[ UseTime:0.001000s ] mysql:host=127.0.0.1;port=3306;dbname=okadmin;charset=utf8
[2020-09-23T19:22:50+08:00][sql] SHOW FULL COLUMNS FROM `super_admin` [ RunTime:0.002000s ]
[2020-09-23T19:22:50+08:00][sql] SELECT * FROM `super_admin` WHERE  `id` = 1 LIMIT 1 [ RunTime:0.001000s ]
[2020-09-23T19:43:00+08:00][sql] CONNECT:[ UseTime:0.002000s ] mysql:host=127.0.0.1;port=3306;dbname=okadmin;charset=utf8
[2020-09-23T19:43:00+08:00][sql] SHOW FULL COLUMNS FROM `super_auth_rule` [ RunTime:0.002000s ]
[2020-09-23T19:43:00+08:00][error] [10501]SQLSTATE[23000]: Integrity constraint violation: 1062 Duplicate entry 'test' for key 'name'
[2020-09-23T19:43:07+08:00][sql] CONNECT:[ UseTime:0.011001s ] mysql:host=127.0.0.1;port=3306;dbname=okadmin;charset=utf8
[2020-09-23T19:43:07+08:00][sql] SHOW FULL COLUMNS FROM `super_auth_rule` [ RunTime:0.002000s ]
[2020-09-23T19:43:07+08:00][error] [10501]SQLSTATE[23000]: Integrity constraint violation: 1062 Duplicate entry 'test' for key 'name'
[2020-09-23T19:44:33+08:00][sql] CONNECT:[ UseTime:0.001000s ] mysql:host=127.0.0.1;port=3306;dbname=okadmin;charset=utf8
[2020-09-23T19:44:33+08:00][sql] SHOW FULL COLUMNS FROM `super_auth_rule` [ RunTime:0.001000s ]
[2020-09-23T19:44:33+08:00][error] [10501]SQLSTATE[23000]: Integrity constraint violation: 1062 Duplicate entry 'test' for key 'name'
[2020-09-23T19:44:56+08:00][sql] CONNECT:[ UseTime:0.001000s ] mysql:host=127.0.0.1;port=3306;dbname=okadmin;charset=utf8
[2020-09-23T19:44:56+08:00][sql] SHOW FULL COLUMNS FROM `super_auth_rule` [ RunTime:0.001000s ]
[2020-09-23T19:44:56+08:00][sql] SELECT * FROM `super_auth_rule` WHERE  `name` = 'test' LIMIT 1 [ RunTime:0.001000s ]
[2020-09-23T19:44:56+08:00][sql] SELECT `id`,`pid`,`name` FROM `super_auth_rule` ORDER BY `weigh` DESC [ RunTime:0.000000s ]
[2020-09-23T19:44:56+08:00][sql] SELECT * FROM `super_auth_rule` WHERE  `id` IN (502,503,504,505) [ RunTime:0.001000s ]
[2020-09-23T19:44:56+08:00][sql] DELETE FROM `super_auth_rule` WHERE  `id` = 502 [ RunTime:0.001000s ]
[2020-09-23T19:44:56+08:00][sql] DELETE FROM `super_auth_rule` WHERE  `id` = 503 [ RunTime:0.000000s ]
[2020-09-23T19:44:56+08:00][sql] DELETE FROM `super_auth_rule` WHERE  `id` = 504 [ RunTime:0.000000s ]
[2020-09-23T19:44:56+08:00][sql] DELETE FROM `super_auth_rule` WHERE  `id` = 505 [ RunTime:0.000000s ]
[2020-09-23T19:45:00+08:00][sql] CONNECT:[ UseTime:0.001000s ] mysql:host=127.0.0.1;port=3306;dbname=okadmin;charset=utf8
[2020-09-23T19:45:00+08:00][sql] SHOW FULL COLUMNS FROM `super_auth_rule` [ RunTime:0.001000s ]
[2020-09-23T19:45:00+08:00][sql] INSERT INTO `super_auth_rule` SET `name` = 'test' , `title` = '测试菜单' , `icon` = '&#xe66f;' , `ismenu` = 1 , `pid` = 0 , `status` = 'normal' , `createtime` = 1600861500 , `updatetime` = 1600861500 [ RunTime:0.001000s ]
[2020-09-23T19:45:00+08:00][sql] INSERT INTO `super_auth_rule` SET `name` = 'addons/test/index/index' , `title` = '查看' , `ismenu` = 0 , `icon` = '&#xe62e;' , `pid` = 509 , `status` = 'normal' , `createtime` = 1600861500 , `updatetime` = 1600861500 [ RunTime:0.000000s ]
[2020-09-23T19:45:00+08:00][sql] INSERT INTO `super_auth_rule` SET `name` = 'addons/test/index/add' , `title` = '添加' , `ismenu` = 0 , `icon` = '&#xe62e;' , `pid` = 509 , `status` = 'normal' , `createtime` = 1600861500 , `updatetime` = 1600861500 [ RunTime:0.000000s ]
[2020-09-23T19:45:00+08:00][sql] INSERT INTO `super_auth_rule` SET `name` = 'addons/test/index/detail' , `title` = '详情' , `ismenu` = 0 , `icon` = '&#xe62e;' , `pid` = 509 , `status` = 'normal' , `createtime` = 1600861500 , `updatetime` = 1600861500 [ RunTime:0.000000s ]
[2020-09-23T19:45:00+08:00][sql] CREATE TABLE IF NOT EXISTS `super_text_addondownload` (
  `id` int(10) NOT NULL,
  `content` longtext NOT NULL,
  `os` set('windows','linux','mac','ubuntu') DEFAULT '' COMMENT '操作系统',
  `version` varchar(255) DEFAULT '' COMMENT '最新版本',
  `filesize` varchar(255) DEFAULT '' COMMENT '文件大小',
  `language` set('zh-cn','en') DEFAULT '' COMMENT '语言',
  `downloadurl` varchar(1500) DEFAULT '' COMMENT '下载地址',
  `screenshots` varchar(1500) DEFAULT '' COMMENT '预览截图',
  `price` decimal(10,2) DEFAULT '0.00' COMMENT '价格',
  `downloads` varchar(10) DEFAULT '0' COMMENT '下载次数',
  PRIMARY KEY (`id`)
) ENGINE=InnoDB DEFAULT CHARSET=utf8 COMMENT='下载'; [ RunTime:0.000000s ]
[2020-09-23T19:54:05+08:00][sql] CONNECT:[ UseTime:0.002000s ] mysql:host=127.0.0.1;port=3306;dbname=okadmin;charset=utf8
[2020-09-23T19:54:05+08:00][sql] SHOW FULL COLUMNS FROM `super_admin` [ RunTime:0.002000s ]
[2020-09-23T19:54:05+08:00][sql] SELECT * FROM `super_admin` WHERE  `id` = 1 LIMIT 1 [ RunTime:0.001000s ]
[2020-09-23T19:54:08+08:00][sql] CONNECT:[ UseTime:0.005000s ] mysql:host=127.0.0.1;port=3306;dbname=okadmin;charset=utf8
[2020-09-23T19:54:08+08:00][sql] SHOW FULL COLUMNS FROM `super_admin` [ RunTime:0.005000s ]
[2020-09-23T19:54:08+08:00][sql] SELECT COUNT(*) AS think_count FROM `super_admin` [ RunTime:0.001000s ]
[2020-09-23T19:54:08+08:00][sql] SELECT * FROM `super_admin` LIMIT 0,12 [ RunTime:0.005000s ]
[2020-09-23T19:54:13+08:00][sql] CONNECT:[ UseTime:0.001000s ] mysql:host=127.0.0.1;port=3306;dbname=okadmin;charset=utf8
[2020-09-23T19:54:13+08:00][sql] SHOW FULL COLUMNS FROM `super_admin` [ RunTime:0.001000s ]
[2020-09-23T19:54:13+08:00][sql] SELECT * FROM `super_admin` WHERE  `id` = 1 LIMIT 1 [ RunTime:0.001000s ]
[2020-09-23T19:57:16+08:00][sql] CONNECT:[ UseTime:0.002000s ] mysql:host=127.0.0.1;port=3306;dbname=okadmin;charset=utf8
[2020-09-23T19:57:16+08:00][sql] SHOW FULL COLUMNS FROM `super_auth_rule` [ RunTime:0.001000s ]
[2020-09-23T19:57:16+08:00][sql] SELECT * FROM `super_auth_rule` WHERE  `name` = 'test' LIMIT 1 [ RunTime:0.001000s ]
[2020-09-23T19:57:16+08:00][sql] SELECT `id`,`pid`,`name` FROM `super_auth_rule` ORDER BY `weigh` DESC [ RunTime:0.000000s ]
[2020-09-23T19:57:16+08:00][sql] SELECT * FROM `super_auth_rule` WHERE  `id` IN (509,510,511,512) [ RunTime:0.000000s ]
[2020-09-23T19:57:16+08:00][sql] DELETE FROM `super_auth_rule` WHERE  `id` = 509 [ RunTime:0.000000s ]
[2020-09-23T19:57:16+08:00][sql] DELETE FROM `super_auth_rule` WHERE  `id` = 510 [ RunTime:0.000000s ]
[2020-09-23T19:57:16+08:00][sql] DELETE FROM `super_auth_rule` WHERE  `id` = 511 [ RunTime:0.001000s ]
[2020-09-23T19:57:16+08:00][sql] DELETE FROM `super_auth_rule` WHERE  `id` = 512 [ RunTime:0.000000s ]
[2020-09-23T19:57:20+08:00][sql] CONNECT:[ UseTime:0.001000s ] mysql:host=127.0.0.1;port=3306;dbname=okadmin;charset=utf8
[2020-09-23T19:57:20+08:00][sql] SHOW FULL COLUMNS FROM `super_auth_rule` [ RunTime:0.001000s ]
[2020-09-23T19:57:20+08:00][sql] INSERT INTO `super_auth_rule` SET `name` = 'test' , `title` = '测试菜单' , `icon` = '&#xe66f;' , `ismenu` = 1 , `pid` = 0 , `status` = 'normal' , `createtime` = 1600862240 , `updatetime` = 1600862240 [ RunTime:0.001000s ]
[2020-09-23T19:57:20+08:00][sql] INSERT INTO `super_auth_rule` SET `name` = 'addons/test/index/index' , `title` = '查看' , `ismenu` = 0 , `icon` = '&#xe62e;' , `pid` = 513 , `status` = 'normal' , `createtime` = 1600862240 , `updatetime` = 1600862240 [ RunTime:0.001000s ]
[2020-09-23T19:57:20+08:00][sql] INSERT INTO `super_auth_rule` SET `name` = 'addons/test/index/add' , `title` = '添加' , `ismenu` = 0 , `icon` = '&#xe62e;' , `pid` = 513 , `status` = 'normal' , `createtime` = 1600862240 , `updatetime` = 1600862240 [ RunTime:0.001000s ]
[2020-09-23T19:57:20+08:00][sql] INSERT INTO `super_auth_rule` SET `name` = 'addons/test/index/detail' , `title` = '详情' , `ismenu` = 0 , `icon` = '&#xe62e;' , `pid` = 513 , `status` = 'normal' , `createtime` = 1600862240 , `updatetime` = 1600862240 [ RunTime:0.000000s ]
[2020-09-23T19:57:20+08:00][sql] CREATE TABLE IF NOT EXISTS `super_text_addondownload` (
  `id` int(10) NOT NULL,
  `content` longtext NOT NULL,
  `os` set('windows','linux','mac','ubuntu') DEFAULT '' COMMENT '操作系统',
  `version` varchar(255) DEFAULT '' COMMENT '最新版本',
  `filesize` varchar(255) DEFAULT '' COMMENT '文件大小',
  `language` set('zh-cn','en') DEFAULT '' COMMENT '语言',
  `downloadurl` varchar(1500) DEFAULT '' COMMENT '下载地址',
  `screenshots` varchar(1500) DEFAULT '' COMMENT '预览截图',
  `price` decimal(10,2) DEFAULT '0.00' COMMENT '价格',
  `downloads` varchar(10) DEFAULT '0' COMMENT '下载次数',
  PRIMARY KEY (`id`)
) ENGINE=InnoDB DEFAULT CHARSET=utf8 COMMENT='下载'; [ RunTime:0.001000s ]
[2020-09-23T19:59:56+08:00][sql] CONNECT:[ UseTime:0.001000s ] mysql:host=127.0.0.1;port=3306;dbname=okadmin;charset=utf8
[2020-09-23T19:59:56+08:00][sql] SHOW FULL COLUMNS FROM `super_admin` [ RunTime:0.001000s ]
[2020-09-23T19:59:56+08:00][sql] SELECT * FROM `super_admin` WHERE  `id` = 1 LIMIT 1 [ RunTime:0.000000s ]
[2020-09-23T20:01:20+08:00][sql] CONNECT:[ UseTime:0.001000s ] mysql:host=127.0.0.1;port=3306;dbname=okadmin;charset=utf8
[2020-09-23T20:01:20+08:00][sql] SHOW FULL COLUMNS FROM `super_admin` [ RunTime:0.003000s ]
[2020-09-23T20:01:20+08:00][sql] SELECT * FROM `super_admin` WHERE  `id` = 1 LIMIT 1 [ RunTime:0.001000s ]
[2020-09-23T20:01:33+08:00][sql] CONNECT:[ UseTime:0.002000s ] mysql:host=127.0.0.1;port=3306;dbname=okadmin;charset=utf8
[2020-09-23T20:01:33+08:00][sql] SHOW FULL COLUMNS FROM `super_admin` [ RunTime:0.002000s ]
[2020-09-23T20:01:33+08:00][sql] SELECT * FROM `super_admin` WHERE  `id` IS NULL LIMIT 1 [ RunTime:0.015001s ]
[2020-09-23T20:01:39+08:00][sql] CONNECT:[ UseTime:0.002000s ] mysql:host=127.0.0.1;port=3306;dbname=okadmin;charset=utf8
[2020-09-23T20:01:39+08:00][sql] SHOW FULL COLUMNS FROM `super_admin` [ RunTime:0.001000s ]
[2020-09-23T20:01:39+08:00][sql] SELECT * FROM `super_admin` WHERE  `id` IS NULL LIMIT 1 [ RunTime:0.000000s ]
[2020-09-23T20:01:51+08:00][sql] CONNECT:[ UseTime:0.001000s ] mysql:host=127.0.0.1;port=3306;dbname=okadmin;charset=utf8
[2020-09-23T20:01:51+08:00][sql] SHOW FULL COLUMNS FROM `super_admin` [ RunTime:0.002000s ]
[2020-09-23T20:01:51+08:00][sql] SELECT * FROM `super_admin` WHERE  `id` IS NULL LIMIT 1 [ RunTime:0.001000s ]
[2020-09-23T20:03:01+08:00][sql] CONNECT:[ UseTime:0.001000s ] mysql:host=127.0.0.1;port=3306;dbname=okadmin;charset=utf8
[2020-09-23T20:03:01+08:00][sql] SHOW FULL COLUMNS FROM `super_admin` [ RunTime:0.001001s ]
[2020-09-23T20:03:01+08:00][sql] SELECT * FROM `super_admin` WHERE  `id` = 1 LIMIT 1 [ RunTime:0.000000s ]
