[2020-09-23T14:13:43+08:00][sql] CONNECT:[ UseTime:0.107006s ] mysql:host=127.0.0.1;port=3306;dbname=okadmin;charset=utf8
[2020-09-23T14:13:43+08:00][sql] SHOW FULL COLUMNS FROM `super_admin` [ RunTime:0.662038s ]
[2020-09-23T14:13:43+08:00][sql] SELECT * FROM `super_admin` WHERE  `username` = 'admin' LIMIT 1 [ RunTime:0.117007s ]
[2020-09-23T14:13:44+08:00][sql] CONNECT:[ UseTime:0.001000s ] mysql:host=127.0.0.1;port=3306;dbname=okadmin;charset=utf8
[2020-09-23T14:13:44+08:00][sql] SHOW FULL COLUMNS FROM `super_admin` [ RunTime:0.001000s ]
[2020-09-23T14:13:44+08:00][sql] SELECT * FROM `super_admin` WHERE  `id` = 1 LIMIT 1 [ RunTime:0.022002s ]
[2020-09-23T14:29:32+08:00][error] [0]模板文件不存在:E:\phpstudy\WWW\okadmin\app\admin\view\plugin\index.html
[2020-09-23T14:31:58+08:00][error] [8]未定义数组索引: install
[2020-09-23T14:46:20+08:00][sql] CONNECT:[ UseTime:0.001000s ] mysql:host=127.0.0.1;port=3306;dbname=okadmin;charset=utf8
[2020-09-23T14:46:20+08:00][sql] SHOW FULL COLUMNS FROM `super_admin` [ RunTime:0.003000s ]
[2020-09-23T14:46:20+08:00][sql] SELECT COUNT(*) AS think_count FROM `super_admin` [ RunTime:0.049003s ]
[2020-09-23T14:46:20+08:00][sql] SELECT * FROM `super_admin` LIMIT 0,12 [ RunTime:0.000000s ]
[2020-09-23T14:47:31+08:00][sql] CONNECT:[ UseTime:0.001000s ] mysql:host=127.0.0.1;port=3306;dbname=okadmin;charset=utf8
[2020-09-23T14:47:31+08:00][sql] SHOW FULL COLUMNS FROM `super_admin` [ RunTime:0.002000s ]
[2020-09-23T14:47:31+08:00][sql] SELECT * FROM `super_admin` WHERE  `id` = 1 LIMIT 1 [ RunTime:0.000000s ]
[2020-09-23T14:47:34+08:00][sql] CONNECT:[ UseTime:0.003000s ] mysql:host=127.0.0.1;port=3306;dbname=okadmin;charset=utf8
[2020-09-23T14:47:34+08:00][sql] SHOW FULL COLUMNS FROM `super_admin` [ RunTime:0.004000s ]
[2020-09-23T14:47:34+08:00][sql] SELECT COUNT(*) AS think_count FROM `super_admin` [ RunTime:0.002000s ]
[2020-09-23T14:47:34+08:00][sql] SELECT * FROM `super_admin` LIMIT 0,12 [ RunTime:0.000000s ]
[2020-09-23T15:11:38+08:00][sql] CONNECT:[ UseTime:0.010000s ] mysql:host=127.0.0.1;port=3306;dbname=okadmin;charset=utf8
[2020-09-23T15:11:38+08:00][sql] SHOW FULL COLUMNS FROM `super_admin` [ RunTime:0.001000s ]
[2020-09-23T15:11:38+08:00][sql] SELECT * FROM `super_admin` WHERE  `id` = 1 LIMIT 1 [ RunTime:0.000000s ]
[2020-09-23T15:11:41+08:00][sql] CONNECT:[ UseTime:0.006001s ] mysql:host=127.0.0.1;port=3306;dbname=okadmin;charset=utf8
[2020-09-23T15:11:41+08:00][sql] SHOW FULL COLUMNS FROM `super_admin` [ RunTime:0.004000s ]
[2020-09-23T15:11:41+08:00][sql] SELECT COUNT(*) AS think_count FROM `super_admin` [ RunTime:0.000000s ]
[2020-09-23T15:11:41+08:00][sql] SELECT * FROM `super_admin` LIMIT 0,12 [ RunTime:0.003000s ]
[2020-09-23T15:15:53+08:00][error] [0]方法参数错误:id
[2020-09-23T15:17:49+08:00][error] [0]方法参数错误:id
[2020-09-23T15:18:56+08:00][sql] CONNECT:[ UseTime:0.002000s ] mysql:host=127.0.0.1;port=3306;dbname=okadmin;charset=utf8
[2020-09-23T15:18:56+08:00][sql] CREATE TABLE IF NOT EXISTS `super_text_addondownload` (
  `id` int(10) NOT NULL,
  `content` longtext NOT NULL,
  `os` set('windows','linux','mac','ubuntu') DEFAULT '' COMMENT '操作系统',
  `version` varchar(255) DEFAULT '' COMMENT '最新版本',
  `filesize` varchar(255) DEFAULT '' COMMENT '文件大小',
  `language` set('zh-cn','en') DEFAULT '' COMMENT '语言',
  `downloadurl` varchar(1500) DEFAULT '' COMMENT '下载地址',
  `screenshots` varchar(1500) DEFAULT '' COMMENT '预览截图',
  `price` decimal(10,2) DEFAULT '0.00' COMMENT '价格',
  `downloads` varchar(10) DEFAULT '0' COMMENT '下载次数',
  PRIMARY KEY (`id`)
) ENGINE=InnoDB DEFAULT CHARSET=utf8 COMMENT='下载'; [ RunTime:0.455026s ]
[2020-09-23T15:27:52+08:00][sql] CONNECT:[ UseTime:0.010001s ] mysql:host=127.0.0.1;port=3306;dbname=okadmin;charset=utf8
[2020-09-23T15:27:52+08:00][sql] CREATE TABLE IF NOT EXISTS `super_text_addondownload` (
  `id` int(10) NOT NULL,
  `content` longtext NOT NULL,
  `os` set('windows','linux','mac','ubuntu') DEFAULT '' COMMENT '操作系统',
  `version` varchar(255) DEFAULT '' COMMENT '最新版本',
  `filesize` varchar(255) DEFAULT '' COMMENT '文件大小',
  `language` set('zh-cn','en') DEFAULT '' COMMENT '语言',
  `downloadurl` varchar(1500) DEFAULT '' COMMENT '下载地址',
  `screenshots` varchar(1500) DEFAULT '' COMMENT '预览截图',
  `price` decimal(10,2) DEFAULT '0.00' COMMENT '价格',
  `downloads` varchar(10) DEFAULT '0' COMMENT '下载次数',
  PRIMARY KEY (`id`)
) ENGINE=InnoDB DEFAULT CHARSET=utf8 COMMENT='下载'; [ RunTime:0.002000s ]
